<?xml version="1.0" encoding="UTF-8"?>
<!-- Generated by org.testng.reporters.JUnitReportReporter -->
<testsuite hostname="narendra-PC" name="listner.First_Test" tests="1" failures="0" timestamp="20 Sep 2016 18:21:19 GMT" time="16.554" errors="0">
  <testcase name="verifySeleniumBlog" time="16.554" classname="listner.First_Test"/>
</testsuite> <!-- listner.First_Test -->
